<?xml version="1.0" encoding="utf-8"?><testsuites name="pytest tests"><testsuite name="pytest" errors="0" failures="0" skipped="0" tests="13" time="2.512" timestamp="2026-02-08T16:17:33.649831+00:00" hostname="agent-env-946d123f-cebd-440a-a131-926c0fe8be4a"><testcase classname="tests.test_categories_v2.TestCategoriesV2API" name="test_get_categories_returns_slugs_as_ids" time="0.148" /><testcase classname="tests.test_categories_v2.TestCategoriesV2API" name="test_categories_have_subcategories" time="0.121" /><testcase classname="tests.test_categories_v2.TestCategoriesV2API" name="test_get_category_children" time="0.168" /><testcase classname="tests.test_categories_v2.TestCategoriesV2API" name="test_alarme_category_children" time="0.066" /><testcase classname="tests.test_categories_v2.TestProductsFilteringByCategory" name="test_filter_products_by_parent_category" time="0.161" /><testcase classname="tests.test_categories_v2.TestProductsFilteringByCategory" name="test_filter_products_by_subcategory" time="0.107" /><testcase classname="tests.test_categories_v2.TestProductsFilteringByCategory" name="test_filter_products_by_videosurveillance" time="0.101" /><testcase classname="tests.test_categories_v2.TestProductsFilteringByCategory" name="test_products_response_structure" time="0.099" /><testcase classname="tests.test_categories_v2.TestAdminCategoriesAPI" name="test_admin_categories_requires_auth" time="0.085" /><testcase classname="tests.test_categories_v2.TestAdminCategoriesAPI" name="test_admin_categories_returns_subcategories" time="0.986" /><testcase classname="tests.test_categories_v2.TestAdminCategoriesAPI" name="test_admin_products_filter_by_category" time="0.313" /><testcase classname="tests.test_categories_v2.TestCategoryBreadcrumb" name="test_get_category_breadcrumb" time="0.038" /><testcase classname="tests.test_categories_v2.TestCategoryTree" name="test_get_category_tree" time="0.038" /></testsuite></testsuites>