<?xml version="1.0" encoding="utf-8"?><testsuites name="pytest tests"><testsuite name="pytest" errors="0" failures="0" skipped="0" tests="25" time="2.186" timestamp="2026-02-08T23:30:07.933920+00:00" hostname="agent-env-8cb1e2db-51d0-4a68-9111-57465ab92883"><testcase classname="tests.test_analytics.TestAnalyticsTracking" name="test_track_page_view_event" time="0.220" /><testcase classname="tests.test_analytics.TestAnalyticsTracking" name="test_track_product_view_event" time="0.132" /><testcase classname="tests.test_analytics.TestAnalyticsTracking" name="test_track_search_event" time="0.039" /><testcase classname="tests.test_analytics.TestAnalyticsTracking" name="test_track_add_to_cart_event" time="0.087" /><testcase classname="tests.test_analytics.TestAnalyticsTracking" name="test_track_login_event" time="0.077" /><testcase classname="tests.test_analytics.TestAnalyticsTracking" name="test_track_event_with_utm_params" time="0.036" /><testcase classname="tests.test_analytics.TestAnalyticsHeartbeat" name="test_heartbeat_basic" time="0.084" /><testcase classname="tests.test_analytics.TestAnalyticsHeartbeat" name="test_heartbeat_with_user_id" time="0.079" /><testcase classname="tests.test_analytics.TestAdminStats" name="test_get_stats_default_range" time="0.037" /><testcase classname="tests.test_analytics.TestAdminStats" name="test_get_stats_24h_range" time="0.091" /><testcase classname="tests.test_analytics.TestAdminStats" name="test_get_stats_30d_range" time="0.086" /><testcase classname="tests.test_analytics.TestAdminStats" name="test_get_stats_90d_range" time="0.088" /><testcase classname="tests.test_analytics.TestOnlineUsers" name="test_get_online_users" time="0.081" /><testcase classname="tests.test_analytics.TestEventsAuditTrail" name="test_get_events_default" time="0.044" /><testcase classname="tests.test_analytics.TestEventsAuditTrail" name="test_get_events_with_range" time="0.080" /><testcase classname="tests.test_analytics.TestEventsAuditTrail" name="test_get_events_with_event_type_filter" time="0.082" /><testcase classname="tests.test_analytics.TestEventsAuditTrail" name="test_get_events_with_pagination" time="0.037" /><testcase classname="tests.test_analytics.TestUserTimeline" name="test_get_user_timeline_existing_user" time="0.162" /><testcase classname="tests.test_analytics.TestUserTimeline" name="test_get_user_timeline_nonexistent_user" time="0.036" /><testcase classname="tests.test_analytics.TestTopProducts" name="test_get_top_products_default" time="0.086" /><testcase classname="tests.test_analytics.TestTopProducts" name="test_get_top_products_with_range" time="0.073" /><testcase classname="tests.test_analytics.TestTopProducts" name="test_get_top_products_with_limit" time="0.036" /><testcase classname="tests.test_analytics.TestSearchTerms" name="test_get_search_terms_default" time="0.077" /><testcase classname="tests.test_analytics.TestSearchTerms" name="test_get_search_terms_with_range" time="0.037" /><testcase classname="tests.test_analytics.TestEndSession" name="test_end_session" time="0.157" /></testsuite></testsuites>